Arguments: 
  D:\nodejs\node.exe D:\yarn\bin\yarn.js add app2.css

PATH: 
  D:\Program Files\cmder\vendor\git-for-windows\mingw64\bin;D:\Program Files\cmder\vendor\git-for-windows\usr\bin;C:\Users\minu\bin;C:\WINDOWS\system32;C:\WINDOWS;C:\WINDOWS\System32\Wbem;C:\WINDOWS\System32\WindowsPowerShell\v1.0;C:\WINDOWS\System32\OpenSSH;C:\Program Files (x86)\NVIDIA Corporation\PhysX\Common;D:\nodejs;C:\Users\minu\AppData\Roaming\npm;D:\yarn\bin;D:\hugo;C:\Users\minu\AppData\Local\Programs\Python\Python38-32\Scripts;C:\Users\minu\AppData\Local\Programs\Python\Python38-32;C:\Users\minu\AppData\Local\Microsoft\WindowsApps;C:\Users\minu\AppData\Local\Programs\Microsoft VS Code\bin;C:\Users\minu\AppData\Local\Yarn\bin

Yarn version: 
  1.22.1

Node version: 
  10.19.0

Platform: 
  win32 x64

Trace: 
  Error: https://registry.npm.taobao.org/app2.css: Not found
      at Request.params.callback [as _callback] (D:\yarn\lib\cli.js:66091:18)
      at Request.self.callback (D:\yarn\lib\cli.js:140743:22)
      at Request.emit (events.js:198:13)
      at Request.<anonymous> (D:\yarn\lib\cli.js:141715:10)
      at Request.emit (events.js:198:13)
      at IncomingMessage.<anonymous> (D:\yarn\lib\cli.js:141637:12)
      at Object.onceWrapper (events.js:286:20)
      at IncomingMessage.emit (events.js:203:15)
      at endReadableNT (_stream_readable.js:1145:12)
      at process._tickCallback (internal/process/next_tick.js:63:19)

npm manifest: 
  {
    "name": "mvc1",
    "version": "1.0.0",
    "main": "index.js",
    "license": "MIT",
    "dependencies": {
      "jquery": "^3.5.0"
    }
  }

yarn manifest: 
  No manifest

Lockfile: 
  # THIS IS AN AUTOGENERATED FILE. DO NOT EDIT THIS FILE DIRECTLY.
  # yarn lockfile v1
  
  
  jquery@^3.5.0:
    version "3.5.0"
    resolved "https://registry.npm.taobao.org/jquery/download/jquery-3.5.0.tgz?cache=0&sync_timestamp=1586533502771&other_urls=https%3A%2F%2Fregistry.npm.taobao.org%2Fjquery%2Fdownload%2Fjquery-3.5.0.tgz#9980b97d9e4194611c36530e7dc46a58d7340fc9"
    integrity sha1-mYC5fZ5BlGEcNlMOfcRqWNc0D8k=
